<?xml version="1.0" encoding="UTF-8"?>
<!-- Generated by org.testng.reporters.JUnitReportReporter -->
<testsuite skipped="0" hostname="DESKTOP-2DIBU6B" name="test.paramTest" tests="2" failures="0" timestamp="18 四月 2019 07:50:54 GMT" time="0.010" errors="0">
  <testcase name="f" time="0.006" classname="test.paramTest"/>
  <testcase name="f" time="0.004" classname="test.paramTest"/>
</testsuite> <!-- test.paramTest -->
